<?xml version="1.0" encoding="UTF-8"?>
<!-- Generated by org.testng.reporters.JUnitReportReporter -->
<testsuite skipped="0" hostname="DESKTOP-87CA92U" name="com.amazon.login.TC01_InvalidLogin" tests="2" failures="0" timestamp="20 Apr 2021 15:22:10 GMT" time="6.129" errors="0">
  <testcase name="TC02_InvalidPassword" time="4.032" classname="com.amazon.login.TC01_InvalidLogin"/>
  <testcase name="TC01_InvalidEmail" time="2.097" classname="com.amazon.login.TC01_InvalidLogin"/>
</testsuite> <!-- com.amazon.login.TC01_InvalidLogin -->
