<?xml version="1.0" encoding="UTF-8"?>
<!-- Generated by org.testng.reporters.JUnitReportReporter -->
<testsuite skipped="0" hostname="DESKTOP-87CA92U" name="com.amazon.search.TC01_Search" tests="1" failures="0" timestamp="21 Apr 2021 00:36:46 GMT" time="191.911" errors="0">
  <testcase name="TC01_SearchBasedOnDepartment" time="191.911" classname="com.amazon.search.TC01_Search"/>
</testsuite> <!-- com.amazon.search.TC01_Search -->
