<?xml version="1.0" encoding="UTF-8"?>
<!-- Generated by org.testng.reporters.JUnitReportReporter -->
<testsuite skipped="0" hostname="DESKTOP-87CA92U" name="com.amazon.login.TC02_ValidLogin" tests="1" failures="0" timestamp="20 Apr 2021 15:22:10 GMT" time="5.662" errors="0">
  <testcase name="TC01_ValidEmailPassword" time="5.662" classname="com.amazon.login.TC02_ValidLogin"/>
</testsuite> <!-- com.amazon.login.TC02_ValidLogin -->
